<?xml version="1.0" encoding="UTF-8" standalone="no"?>
<!DOCTYPE log SYSTEM "logger.dtd">
<log>
<record>
  <date>2023-08-25T05:50:02.031-0300</date>
  <logger>VICTOR EMANUEL BARBOSA RODRIGUES</logger>
  <level>FINE</level>
  <message>File 122111425-VICTOR EMANUEL BARBOSA RODRIGUES.zip was received. It was sent by VICTOR EMANUEL BARBOSA RODRIGUES from IP 192.168.0.123 at 25-08-2023 05*50*01</message>
</record>
</log>
<?xml version="1.0" encoding="UTF-8" standalone="no"?>
<!DOCTYPE log SYSTEM "logger.dtd">
<log>
<record>
  <date>2023-08-25T06:47:09.013-0300</date>
  <logger>VICTOR EMANUEL BARBOSA RODRIGUES</logger>
  <level>FINE</level>
  <message>File 122111425-VICTOR EMANUEL BARBOSA RODRIGUES.zip was received. It was sent by VICTOR EMANUEL BARBOSA RODRIGUES from IP 192.168.0.123 at 25-08-2023 06*47*08</message>
</record>
</log>
<?xml version="1.0" encoding="UTF-8" standalone="no"?>
<!DOCTYPE log SYSTEM "logger.dtd">
<log>
<record>
  <date>2023-08-25T08:40:37.937-0300</date>
  <logger>VICTOR EMANUEL BARBOSA RODRIGUES</logger>
  <level>FINE</level>
  <message>File 122111425-VICTOR EMANUEL BARBOSA RODRIGUES.zip was received. It was sent by VICTOR EMANUEL BARBOSA RODRIGUES from IP 192.168.0.123 at 25-08-2023 08*40*37</message>
</record>
